[2024-07-24T18:08:20.486+0000] {taskinstance.py:1979} INFO - Dependencies all met for dep_context=non-requeueable deps ti=<TaskInstance: stagingtodv.film_actor scheduled__2024-07-23T00:00:00+00:00 [queued]>
[2024-07-24T18:08:20.519+0000] {taskinstance.py:1979} INFO - Dependencies all met for dep_context=requeueable deps ti=<TaskInstance: stagingtodv.film_actor scheduled__2024-07-23T00:00:00+00:00 [queued]>
[2024-07-24T18:08:20.525+0000] {taskinstance.py:2193} INFO - Starting attempt 1 of 1
[2024-07-24T18:08:20.612+0000] {taskinstance.py:2217} INFO - Executing <Task(PythonOperator): film_actor> on 2024-07-23 00:00:00+00:00
[2024-07-24T18:08:20.674+0000] {standard_task_runner.py:60} INFO - Started process 94 to run task
[2024-07-24T18:08:20.678+0000] {standard_task_runner.py:87} INFO - Running: ['***', 'tasks', 'run', 'stagingtodv', 'film_actor', 'scheduled__2024-07-23T00:00:00+00:00', '--job-id', '33', '--raw', '--subdir', 'DAGS_FOLDER/dag.py', '--cfg-path', '/tmp/tmpvjo_0j1w']
[2024-07-24T18:08:20.717+0000] {standard_task_runner.py:88} INFO - Job 33: Subtask film_actor
[2024-07-24T18:08:20.944+0000] {task_command.py:423} INFO - Running <TaskInstance: stagingtodv.film_actor scheduled__2024-07-23T00:00:00+00:00 [running]> on host b19a9c320dfd
[2024-07-24T18:08:21.266+0000] {taskinstance.py:2513} INFO - Exporting env vars: AIRFLOW_CTX_DAG_OWNER='***' AIRFLOW_CTX_DAG_ID='stagingtodv' AIRFLOW_CTX_TASK_ID='film_actor' AIRFLOW_CTX_EXECUTION_DATE='2024-07-23T00:00:00+00:00' AIRFLOW_CTX_TRY_NUMBER='1' AIRFLOW_CTX_DAG_RUN_ID='scheduled__2024-07-23T00:00:00+00:00'
[2024-07-24T18:08:21.276+0000] {logging_mixin.py:188} INFO - -------------------------------------------- select *  from etlconf.Etl_Process_Mapping where SourceTableName = 'film_actor' and Stage = 'stagingtodv'
[2024-07-24T18:08:22.656+0000] {taskinstance.py:2731} ERROR - Task failed with exception
Traceback (most recent call last):
  File "/home/airflow/.local/lib/python3.8/site-packages/pandas/core/indexes/base.py", line 3653, in get_loc
    return self._engine.get_loc(casted_key)
  File "pandas/_libs/index.pyx", line 147, in pandas._libs.index.IndexEngine.get_loc
  File "pandas/_libs/index.pyx", line 176, in pandas._libs.index.IndexEngine.get_loc
  File "pandas/_libs/hashtable_class_helper.pxi", line 7080, in pandas._libs.hashtable.PyObjectHashTable.get_item
  File "pandas/_libs/hashtable_class_helper.pxi", line 7088, in pandas._libs.hashtable.PyObjectHashTable.get_item
KeyError: '(film_id,actor_id)'

The above exception was the direct cause of the following exception:

Traceback (most recent call last):
  File "/home/airflow/.local/lib/python3.8/site-packages/airflow/models/taskinstance.py", line 444, in _execute_task
    result = _execute_callable(context=context, **execute_callable_kwargs)
  File "/home/airflow/.local/lib/python3.8/site-packages/airflow/models/taskinstance.py", line 414, in _execute_callable
    return execute_callable(context=context, **execute_callable_kwargs)
  File "/home/airflow/.local/lib/python3.8/site-packages/airflow/operators/python.py", line 200, in execute
    return_value = self.execute_callable()
  File "/home/airflow/.local/lib/python3.8/site-packages/airflow/operators/python.py", line 217, in execute_callable
    return self.python_callable(*self.op_args, **self.op_kwargs)
  File "/opt/airflow/dags/dag.py", line 45, in process_table
    return  execute(table, stage, tabletype)
  File "/app/main.py", line 35, in execute
    StagingToDV().create_link().some_function(table, stage)
  File "/app/concretestage/StagingToDV.py", line 101, in some_function
    genaretedDF = generateSurogateKey(sourceDF, Code, list(SurogateKey.split(" ")),dest_col_list)
  File "/app/myFramework/utils/utils.py", line 55, in generateSurogateKey
    Surogatekey = newdf[key]+int(str(1000000) + str(code))
  File "/home/airflow/.local/lib/python3.8/site-packages/pandas/core/frame.py", line 3761, in __getitem__
    indexer = self.columns.get_loc(key)
  File "/home/airflow/.local/lib/python3.8/site-packages/pandas/core/indexes/base.py", line 3655, in get_loc
    raise KeyError(key) from err
KeyError: '(film_id,actor_id)'
[2024-07-24T18:08:22.709+0000] {taskinstance.py:1149} INFO - Marking task as FAILED. dag_id=stagingtodv, task_id=film_actor, execution_date=20240723T000000, start_date=20240724T180820, end_date=20240724T180822
[2024-07-24T18:08:22.729+0000] {standard_task_runner.py:107} ERROR - Failed to execute job 33 for task film_actor ('(film_id,actor_id)'; 94)
[2024-07-24T18:08:22.765+0000] {local_task_job_runner.py:234} INFO - Task exited with return code 1
[2024-07-24T18:08:22.816+0000] {taskinstance.py:3312} INFO - 0 downstream tasks scheduled from follow-on schedule check
[2024-07-24T18:10:28.688+0000] {taskinstance.py:1979} INFO - Dependencies all met for dep_context=non-requeueable deps ti=<TaskInstance: stagingtodv.film_actor scheduled__2024-07-23T00:00:00+00:00 [queued]>
[2024-07-24T18:10:28.728+0000] {taskinstance.py:1979} INFO - Dependencies all met for dep_context=requeueable deps ti=<TaskInstance: stagingtodv.film_actor scheduled__2024-07-23T00:00:00+00:00 [queued]>
[2024-07-24T18:10:28.739+0000] {taskinstance.py:2193} INFO - Starting attempt 1 of 1
[2024-07-24T18:10:28.784+0000] {taskinstance.py:2217} INFO - Executing <Task(PythonOperator): film_actor> on 2024-07-23 00:00:00+00:00
[2024-07-24T18:10:28.820+0000] {standard_task_runner.py:60} INFO - Started process 101 to run task
[2024-07-24T18:10:28.853+0000] {standard_task_runner.py:87} INFO - Running: ['***', 'tasks', 'run', 'stagingtodv', 'film_actor', 'scheduled__2024-07-23T00:00:00+00:00', '--job-id', '17', '--raw', '--subdir', 'DAGS_FOLDER/dag.py', '--cfg-path', '/tmp/tmpa5juwudv']
[2024-07-24T18:10:28.892+0000] {standard_task_runner.py:88} INFO - Job 17: Subtask film_actor
[2024-07-24T18:10:29.175+0000] {task_command.py:423} INFO - Running <TaskInstance: stagingtodv.film_actor scheduled__2024-07-23T00:00:00+00:00 [running]> on host 61620dbbe313
[2024-07-24T18:10:30.544+0000] {taskinstance.py:2513} INFO - Exporting env vars: AIRFLOW_CTX_DAG_OWNER='***' AIRFLOW_CTX_DAG_ID='stagingtodv' AIRFLOW_CTX_TASK_ID='film_actor' AIRFLOW_CTX_EXECUTION_DATE='2024-07-23T00:00:00+00:00' AIRFLOW_CTX_TRY_NUMBER='1' AIRFLOW_CTX_DAG_RUN_ID='scheduled__2024-07-23T00:00:00+00:00'
[2024-07-24T18:10:30.564+0000] {logging_mixin.py:188} INFO - -------------------------------------------- select *  from etlconf.Etl_Process_Mapping where SourceTableName = 'film_actor' and Stage = 'stagingtodv'
[2024-07-24T18:10:31.092+0000] {taskinstance.py:2731} ERROR - Task failed with exception
Traceback (most recent call last):
  File "/home/airflow/.local/lib/python3.8/site-packages/pandas/core/indexes/base.py", line 3653, in get_loc
    return self._engine.get_loc(casted_key)
  File "pandas/_libs/index.pyx", line 147, in pandas._libs.index.IndexEngine.get_loc
  File "pandas/_libs/index.pyx", line 176, in pandas._libs.index.IndexEngine.get_loc
  File "pandas/_libs/hashtable_class_helper.pxi", line 7080, in pandas._libs.hashtable.PyObjectHashTable.get_item
  File "pandas/_libs/hashtable_class_helper.pxi", line 7088, in pandas._libs.hashtable.PyObjectHashTable.get_item
KeyError: '(film_id,actor_id)'

The above exception was the direct cause of the following exception:

Traceback (most recent call last):
  File "/home/airflow/.local/lib/python3.8/site-packages/airflow/models/taskinstance.py", line 444, in _execute_task
    result = _execute_callable(context=context, **execute_callable_kwargs)
  File "/home/airflow/.local/lib/python3.8/site-packages/airflow/models/taskinstance.py", line 414, in _execute_callable
    return execute_callable(context=context, **execute_callable_kwargs)
  File "/home/airflow/.local/lib/python3.8/site-packages/airflow/operators/python.py", line 200, in execute
    return_value = self.execute_callable()
  File "/home/airflow/.local/lib/python3.8/site-packages/airflow/operators/python.py", line 217, in execute_callable
    return self.python_callable(*self.op_args, **self.op_kwargs)
  File "/opt/airflow/dags/dag.py", line 45, in process_table
    return  execute(table, stage, tabletype)
  File "/app/main.py", line 35, in execute
    StagingToDV().create_link().some_function(table, stage)
  File "/app/concretestage/StagingToDV.py", line 101, in some_function
    genaretedDF = generateSurogateKey(sourceDF, Code, list(SurogateKey.split(" ")),dest_col_list)
  File "/app/myFramework/utils/utils.py", line 55, in generateSurogateKey
    Surogatekey = newdf[key]+int(str(1000000) + str(code))
  File "/home/airflow/.local/lib/python3.8/site-packages/pandas/core/frame.py", line 3761, in __getitem__
    indexer = self.columns.get_loc(key)
  File "/home/airflow/.local/lib/python3.8/site-packages/pandas/core/indexes/base.py", line 3655, in get_loc
    raise KeyError(key) from err
KeyError: '(film_id,actor_id)'
[2024-07-24T18:10:31.146+0000] {taskinstance.py:1149} INFO - Marking task as FAILED. dag_id=stagingtodv, task_id=film_actor, execution_date=20240723T000000, start_date=20240724T181028, end_date=20240724T181031
[2024-07-24T18:10:31.206+0000] {standard_task_runner.py:107} ERROR - Failed to execute job 17 for task film_actor ('(film_id,actor_id)'; 101)
[2024-07-24T18:10:31.241+0000] {local_task_job_runner.py:234} INFO - Task exited with return code 1
[2024-07-24T18:10:31.303+0000] {taskinstance.py:3312} INFO - 0 downstream tasks scheduled from follow-on schedule check
[2024-07-24T18:16:25.081+0000] {taskinstance.py:1979} INFO - Dependencies all met for dep_context=non-requeueable deps ti=<TaskInstance: stagingtodv.film_actor scheduled__2024-07-23T00:00:00+00:00 [queued]>
[2024-07-24T18:16:25.106+0000] {taskinstance.py:1979} INFO - Dependencies all met for dep_context=requeueable deps ti=<TaskInstance: stagingtodv.film_actor scheduled__2024-07-23T00:00:00+00:00 [queued]>
[2024-07-24T18:16:25.110+0000] {taskinstance.py:2193} INFO - Starting attempt 1 of 1
[2024-07-24T18:16:25.164+0000] {taskinstance.py:2217} INFO - Executing <Task(PythonOperator): film_actor> on 2024-07-23 00:00:00+00:00
[2024-07-24T18:16:25.197+0000] {standard_task_runner.py:60} INFO - Started process 123 to run task
[2024-07-24T18:16:25.225+0000] {standard_task_runner.py:87} INFO - Running: ['***', 'tasks', 'run', 'stagingtodv', 'film_actor', 'scheduled__2024-07-23T00:00:00+00:00', '--job-id', '14', '--raw', '--subdir', 'DAGS_FOLDER/dag.py', '--cfg-path', '/tmp/tmpn56_vlw1']
[2024-07-24T18:16:25.231+0000] {standard_task_runner.py:88} INFO - Job 14: Subtask film_actor
[2024-07-24T18:16:25.424+0000] {task_command.py:423} INFO - Running <TaskInstance: stagingtodv.film_actor scheduled__2024-07-23T00:00:00+00:00 [running]> on host 498c16fd9e64
[2024-07-24T18:16:26.530+0000] {taskinstance.py:2513} INFO - Exporting env vars: AIRFLOW_CTX_DAG_OWNER='***' AIRFLOW_CTX_DAG_ID='stagingtodv' AIRFLOW_CTX_TASK_ID='film_actor' AIRFLOW_CTX_EXECUTION_DATE='2024-07-23T00:00:00+00:00' AIRFLOW_CTX_TRY_NUMBER='1' AIRFLOW_CTX_DAG_RUN_ID='scheduled__2024-07-23T00:00:00+00:00'
[2024-07-24T18:16:26.531+0000] {logging_mixin.py:188} INFO - -------------------------------------------- select *  from etlconf.Etl_Process_Mapping where SourceTableName = 'film_actor' and Stage = 'stagingtodv'
[2024-07-24T18:16:26.588+0000] {logging_mixin.py:188} INFO - SurogateKey (film_id,actor_id)
[2024-07-24T18:16:26.676+0000] {taskinstance.py:2731} ERROR - Task failed with exception
Traceback (most recent call last):
  File "/home/airflow/.local/lib/python3.8/site-packages/pandas/core/indexes/base.py", line 3653, in get_loc
    return self._engine.get_loc(casted_key)
  File "pandas/_libs/index.pyx", line 147, in pandas._libs.index.IndexEngine.get_loc
  File "pandas/_libs/index.pyx", line 176, in pandas._libs.index.IndexEngine.get_loc
  File "pandas/_libs/hashtable_class_helper.pxi", line 7080, in pandas._libs.hashtable.PyObjectHashTable.get_item
  File "pandas/_libs/hashtable_class_helper.pxi", line 7088, in pandas._libs.hashtable.PyObjectHashTable.get_item
KeyError: '(film_id,actor_id)'

The above exception was the direct cause of the following exception:

Traceback (most recent call last):
  File "/home/airflow/.local/lib/python3.8/site-packages/airflow/models/taskinstance.py", line 444, in _execute_task
    result = _execute_callable(context=context, **execute_callable_kwargs)
  File "/home/airflow/.local/lib/python3.8/site-packages/airflow/models/taskinstance.py", line 414, in _execute_callable
    return execute_callable(context=context, **execute_callable_kwargs)
  File "/home/airflow/.local/lib/python3.8/site-packages/airflow/operators/python.py", line 200, in execute
    return_value = self.execute_callable()
  File "/home/airflow/.local/lib/python3.8/site-packages/airflow/operators/python.py", line 217, in execute_callable
    return self.python_callable(*self.op_args, **self.op_kwargs)
  File "/opt/airflow/dags/dag.py", line 45, in process_table
    return  execute(table, stage, tabletype)
  File "/app/main.py", line 35, in execute
    StagingToDV().create_link().some_function(table, stage)
  File "/app/concretestage/StagingToDV.py", line 102, in some_function
    genaretedDF = generateSurogateKey(sourceDF, Code, list(SurogateKey.split(" ")),dest_col_list)
  File "/app/myFramework/utils/utils.py", line 55, in generateSurogateKey
    Surogatekey = newdf[key]+int(str(1000000) + str(code))
  File "/home/airflow/.local/lib/python3.8/site-packages/pandas/core/frame.py", line 3761, in __getitem__
    indexer = self.columns.get_loc(key)
  File "/home/airflow/.local/lib/python3.8/site-packages/pandas/core/indexes/base.py", line 3655, in get_loc
    raise KeyError(key) from err
KeyError: '(film_id,actor_id)'
[2024-07-24T18:16:26.693+0000] {taskinstance.py:1149} INFO - Marking task as FAILED. dag_id=stagingtodv, task_id=film_actor, execution_date=20240723T000000, start_date=20240724T181625, end_date=20240724T181626
[2024-07-24T18:16:26.702+0000] {standard_task_runner.py:107} ERROR - Failed to execute job 14 for task film_actor ('(film_id,actor_id)'; 123)
[2024-07-24T18:16:26.755+0000] {local_task_job_runner.py:234} INFO - Task exited with return code 1
[2024-07-24T18:16:26.790+0000] {taskinstance.py:3312} INFO - 0 downstream tasks scheduled from follow-on schedule check
[2024-07-24T18:23:31.300+0000] {taskinstance.py:1979} INFO - Dependencies all met for dep_context=non-requeueable deps ti=<TaskInstance: stagingtodv.film_actor scheduled__2024-07-23T00:00:00+00:00 [queued]>
[2024-07-24T18:23:31.328+0000] {taskinstance.py:1979} INFO - Dependencies all met for dep_context=requeueable deps ti=<TaskInstance: stagingtodv.film_actor scheduled__2024-07-23T00:00:00+00:00 [queued]>
[2024-07-24T18:23:31.340+0000] {taskinstance.py:2193} INFO - Starting attempt 1 of 1
[2024-07-24T18:23:31.403+0000] {taskinstance.py:2217} INFO - Executing <Task(PythonOperator): film_actor> on 2024-07-23 00:00:00+00:00
[2024-07-24T18:23:31.419+0000] {standard_task_runner.py:60} INFO - Started process 96 to run task
[2024-07-24T18:23:31.438+0000] {standard_task_runner.py:87} INFO - Running: ['***', 'tasks', 'run', 'stagingtodv', 'film_actor', 'scheduled__2024-07-23T00:00:00+00:00', '--job-id', '8', '--raw', '--subdir', 'DAGS_FOLDER/dag.py', '--cfg-path', '/tmp/tmpa19xrkv0']
[2024-07-24T18:23:31.444+0000] {standard_task_runner.py:88} INFO - Job 8: Subtask film_actor
[2024-07-24T18:23:31.601+0000] {task_command.py:423} INFO - Running <TaskInstance: stagingtodv.film_actor scheduled__2024-07-23T00:00:00+00:00 [running]> on host bbd1d7010f8c
[2024-07-24T18:23:32.782+0000] {taskinstance.py:2513} INFO - Exporting env vars: AIRFLOW_CTX_DAG_OWNER='***' AIRFLOW_CTX_DAG_ID='stagingtodv' AIRFLOW_CTX_TASK_ID='film_actor' AIRFLOW_CTX_EXECUTION_DATE='2024-07-23T00:00:00+00:00' AIRFLOW_CTX_TRY_NUMBER='1' AIRFLOW_CTX_DAG_RUN_ID='scheduled__2024-07-23T00:00:00+00:00'
[2024-07-24T18:23:32.792+0000] {logging_mixin.py:188} INFO - -------------------------------------------- select *  from etlconf.Etl_Process_Mapping where SourceTableName = 'film_actor' and Stage = 'stagingtodv'
[2024-07-24T18:23:32.896+0000] {logging_mixin.py:188} INFO - SurogateKey film_id actor_id
[2024-07-24T18:23:33.006+0000] {python.py:202} INFO - Done. Returned value was: None
[2024-07-24T18:23:33.021+0000] {taskinstance.py:1149} INFO - Marking task as SUCCESS. dag_id=stagingtodv, task_id=film_actor, execution_date=20240723T000000, start_date=20240724T182331, end_date=20240724T182333
[2024-07-24T18:23:33.071+0000] {local_task_job_runner.py:234} INFO - Task exited with return code 0
[2024-07-24T18:23:33.105+0000] {taskinstance.py:3312} INFO - 0 downstream tasks scheduled from follow-on schedule check
[2024-07-24T18:25:40.502+0000] {taskinstance.py:1979} INFO - Dependencies all met for dep_context=non-requeueable deps ti=<TaskInstance: stagingtodv.film_actor scheduled__2024-07-23T00:00:00+00:00 [queued]>
[2024-07-24T18:25:40.525+0000] {taskinstance.py:1979} INFO - Dependencies all met for dep_context=requeueable deps ti=<TaskInstance: stagingtodv.film_actor scheduled__2024-07-23T00:00:00+00:00 [queued]>
[2024-07-24T18:25:40.526+0000] {taskinstance.py:2193} INFO - Starting attempt 1 of 1
[2024-07-24T18:25:40.568+0000] {taskinstance.py:2217} INFO - Executing <Task(PythonOperator): film_actor> on 2024-07-23 00:00:00+00:00
[2024-07-24T18:25:40.581+0000] {standard_task_runner.py:60} INFO - Started process 99 to run task
[2024-07-24T18:25:40.589+0000] {standard_task_runner.py:87} INFO - Running: ['***', 'tasks', 'run', 'stagingtodv', 'film_actor', 'scheduled__2024-07-23T00:00:00+00:00', '--job-id', '15', '--raw', '--subdir', 'DAGS_FOLDER/dag.py', '--cfg-path', '/tmp/tmpj79wddol']
[2024-07-24T18:25:40.596+0000] {standard_task_runner.py:88} INFO - Job 15: Subtask film_actor
[2024-07-24T18:25:40.761+0000] {task_command.py:423} INFO - Running <TaskInstance: stagingtodv.film_actor scheduled__2024-07-23T00:00:00+00:00 [running]> on host 5d8e7c9bb9aa
[2024-07-24T18:25:41.799+0000] {taskinstance.py:2513} INFO - Exporting env vars: AIRFLOW_CTX_DAG_OWNER='***' AIRFLOW_CTX_DAG_ID='stagingtodv' AIRFLOW_CTX_TASK_ID='film_actor' AIRFLOW_CTX_EXECUTION_DATE='2024-07-23T00:00:00+00:00' AIRFLOW_CTX_TRY_NUMBER='1' AIRFLOW_CTX_DAG_RUN_ID='scheduled__2024-07-23T00:00:00+00:00'
[2024-07-24T18:25:41.802+0000] {logging_mixin.py:188} INFO - -------------------------------------------- select *  from etlconf.Etl_Process_Mapping where SourceTableName = 'film_actor' and Stage = 'stagingtodv'
[2024-07-24T18:25:41.957+0000] {logging_mixin.py:188} INFO - SurogateKey film_id actor_id
[2024-07-24T18:25:42.488+0000] {logging_mixin.py:188} INFO - update etlconf.Etl_Process_Mapping T set last_run_date = current_timestamp where destdbname='dbdv' and destschema='dvdrental' and desttablename='film_actor';
[2024-07-24T18:25:42.523+0000] {python.py:202} INFO - Done. Returned value was: None
[2024-07-24T18:25:42.538+0000] {taskinstance.py:1149} INFO - Marking task as SUCCESS. dag_id=stagingtodv, task_id=film_actor, execution_date=20240723T000000, start_date=20240724T182540, end_date=20240724T182542
[2024-07-24T18:25:42.595+0000] {local_task_job_runner.py:234} INFO - Task exited with return code 0
[2024-07-24T18:25:42.661+0000] {taskinstance.py:3312} INFO - 0 downstream tasks scheduled from follow-on schedule check
[2024-07-24T19:31:51.603+0000] {taskinstance.py:1979} INFO - Dependencies all met for dep_context=non-requeueable deps ti=<TaskInstance: stagingtodv.film_actor scheduled__2024-07-23T00:00:00+00:00 [queued]>
[2024-07-24T19:31:51.625+0000] {taskinstance.py:1979} INFO - Dependencies all met for dep_context=requeueable deps ti=<TaskInstance: stagingtodv.film_actor scheduled__2024-07-23T00:00:00+00:00 [queued]>
[2024-07-24T19:31:51.626+0000] {taskinstance.py:2193} INFO - Starting attempt 1 of 1
[2024-07-24T19:31:51.648+0000] {taskinstance.py:2217} INFO - Executing <Task(PythonOperator): film_actor> on 2024-07-23 00:00:00+00:00
[2024-07-24T19:31:51.672+0000] {standard_task_runner.py:60} INFO - Started process 105 to run task
[2024-07-24T19:31:51.699+0000] {standard_task_runner.py:87} INFO - Running: ['***', 'tasks', 'run', 'stagingtodv', 'film_actor', 'scheduled__2024-07-23T00:00:00+00:00', '--job-id', '11', '--raw', '--subdir', 'DAGS_FOLDER/dag.py', '--cfg-path', '/tmp/tmpxws106zc']
[2024-07-24T19:31:51.727+0000] {standard_task_runner.py:88} INFO - Job 11: Subtask film_actor
[2024-07-24T19:31:51.907+0000] {task_command.py:423} INFO - Running <TaskInstance: stagingtodv.film_actor scheduled__2024-07-23T00:00:00+00:00 [running]> on host 3e0bdef1d250
[2024-07-24T19:31:53.255+0000] {taskinstance.py:2513} INFO - Exporting env vars: AIRFLOW_CTX_DAG_OWNER='***' AIRFLOW_CTX_DAG_ID='stagingtodv' AIRFLOW_CTX_TASK_ID='film_actor' AIRFLOW_CTX_EXECUTION_DATE='2024-07-23T00:00:00+00:00' AIRFLOW_CTX_TRY_NUMBER='1' AIRFLOW_CTX_DAG_RUN_ID='scheduled__2024-07-23T00:00:00+00:00'
[2024-07-24T19:31:53.280+0000] {logging_mixin.py:188} INFO - -------------------------------------------- select *  from etlconf.Etl_Process_Mapping where SourceTableName = 'film_actor' and Stage = 'stagingtodv'
[2024-07-24T19:31:53.633+0000] {logging_mixin.py:188} INFO - SurogateKey film_id actor_id
[2024-07-24T19:31:54.470+0000] {logging_mixin.py:188} INFO - update etlconf.Etl_Process_Mapping T set last_run_date = current_timestamp where destdbname='dbdv' and destschema='dvdrental' and desttablename='film_actor';
[2024-07-24T19:31:54.529+0000] {python.py:202} INFO - Done. Returned value was: None
[2024-07-24T19:31:54.549+0000] {taskinstance.py:1149} INFO - Marking task as SUCCESS. dag_id=stagingtodv, task_id=film_actor, execution_date=20240723T000000, start_date=20240724T193151, end_date=20240724T193154
[2024-07-24T19:31:54.594+0000] {local_task_job_runner.py:234} INFO - Task exited with return code 0
[2024-07-24T19:31:54.669+0000] {taskinstance.py:3312} INFO - 0 downstream tasks scheduled from follow-on schedule check
[2024-07-24T20:10:31.558+0000] {taskinstance.py:1979} INFO - Dependencies all met for dep_context=non-requeueable deps ti=<TaskInstance: stagingtodv.film_actor scheduled__2024-07-23T00:00:00+00:00 [queued]>
[2024-07-24T20:10:31.586+0000] {taskinstance.py:1979} INFO - Dependencies all met for dep_context=requeueable deps ti=<TaskInstance: stagingtodv.film_actor scheduled__2024-07-23T00:00:00+00:00 [queued]>
[2024-07-24T20:10:31.595+0000] {taskinstance.py:2193} INFO - Starting attempt 1 of 1
[2024-07-24T20:10:31.626+0000] {taskinstance.py:2217} INFO - Executing <Task(PythonOperator): film_actor> on 2024-07-23 00:00:00+00:00
[2024-07-24T20:10:31.640+0000] {standard_task_runner.py:60} INFO - Started process 92 to run task
[2024-07-24T20:10:31.744+0000] {standard_task_runner.py:87} INFO - Running: ['***', 'tasks', 'run', 'stagingtodv', 'film_actor', 'scheduled__2024-07-23T00:00:00+00:00', '--job-id', '8', '--raw', '--subdir', 'DAGS_FOLDER/dag.py', '--cfg-path', '/tmp/tmp6f2h3_be']
[2024-07-24T20:10:31.888+0000] {standard_task_runner.py:88} INFO - Job 8: Subtask film_actor
[2024-07-24T20:10:32.248+0000] {task_command.py:423} INFO - Running <TaskInstance: stagingtodv.film_actor scheduled__2024-07-23T00:00:00+00:00 [running]> on host 2b5a76a23048
[2024-07-24T20:10:33.358+0000] {taskinstance.py:2513} INFO - Exporting env vars: AIRFLOW_CTX_DAG_OWNER='***' AIRFLOW_CTX_DAG_ID='stagingtodv' AIRFLOW_CTX_TASK_ID='film_actor' AIRFLOW_CTX_EXECUTION_DATE='2024-07-23T00:00:00+00:00' AIRFLOW_CTX_TRY_NUMBER='1' AIRFLOW_CTX_DAG_RUN_ID='scheduled__2024-07-23T00:00:00+00:00'
[2024-07-24T20:10:33.369+0000] {logging_mixin.py:188} INFO - -------------------------------------------- select *  from etlconf.Etl_Process_Mapping where SourceTableName = 'film_actor' and Stage = 'stagingtodv'
[2024-07-24T20:10:33.530+0000] {logging_mixin.py:188} INFO - SurogateKey film_id actor_id
[2024-07-24T20:10:34.053+0000] {logging_mixin.py:188} INFO - update etlconf.Etl_Process_Mapping T set last_run_date = current_timestamp where destdbname='dbdv' and destschema='dvdrental' and desttablename='film_actor';
[2024-07-24T20:10:34.084+0000] {python.py:202} INFO - Done. Returned value was: None
[2024-07-24T20:10:34.098+0000] {taskinstance.py:1149} INFO - Marking task as SUCCESS. dag_id=stagingtodv, task_id=film_actor, execution_date=20240723T000000, start_date=20240724T201031, end_date=20240724T201034
[2024-07-24T20:10:34.131+0000] {local_task_job_runner.py:234} INFO - Task exited with return code 0
[2024-07-24T20:10:34.155+0000] {taskinstance.py:3312} INFO - 0 downstream tasks scheduled from follow-on schedule check
[2024-07-24T20:12:42.494+0000] {taskinstance.py:1979} INFO - Dependencies all met for dep_context=non-requeueable deps ti=<TaskInstance: stagingtodv.film_actor scheduled__2024-07-23T00:00:00+00:00 [queued]>
[2024-07-24T20:12:42.670+0000] {taskinstance.py:1979} INFO - Dependencies all met for dep_context=requeueable deps ti=<TaskInstance: stagingtodv.film_actor scheduled__2024-07-23T00:00:00+00:00 [queued]>
[2024-07-24T20:12:42.684+0000] {taskinstance.py:2193} INFO - Starting attempt 1 of 1
[2024-07-24T20:12:42.835+0000] {taskinstance.py:2217} INFO - Executing <Task(PythonOperator): film_actor> on 2024-07-23 00:00:00+00:00
[2024-07-24T20:12:42.921+0000] {standard_task_runner.py:87} INFO - Running: ['***', 'tasks', 'run', 'stagingtodv', 'film_actor', 'scheduled__2024-07-23T00:00:00+00:00', '--job-id', '15', '--raw', '--subdir', 'DAGS_FOLDER/dag.py', '--cfg-path', '/tmp/tmpqgyts9s9']
[2024-07-24T20:12:42.939+0000] {standard_task_runner.py:88} INFO - Job 15: Subtask film_actor
[2024-07-24T20:12:42.911+0000] {standard_task_runner.py:60} INFO - Started process 101 to run task
[2024-07-24T20:12:43.128+0000] {task_command.py:423} INFO - Running <TaskInstance: stagingtodv.film_actor scheduled__2024-07-23T00:00:00+00:00 [running]> on host c86ab2f6676c
[2024-07-24T20:12:45.514+0000] {taskinstance.py:2513} INFO - Exporting env vars: AIRFLOW_CTX_DAG_OWNER='***' AIRFLOW_CTX_DAG_ID='stagingtodv' AIRFLOW_CTX_TASK_ID='film_actor' AIRFLOW_CTX_EXECUTION_DATE='2024-07-23T00:00:00+00:00' AIRFLOW_CTX_TRY_NUMBER='1' AIRFLOW_CTX_DAG_RUN_ID='scheduled__2024-07-23T00:00:00+00:00'
[2024-07-24T20:12:45.539+0000] {logging_mixin.py:188} INFO - -------------------------------------------- select *  from etlconf.Etl_Process_Mapping where SourceTableName = 'film_actor' and Stage = 'stagingtodv'
[2024-07-24T20:12:45.784+0000] {logging_mixin.py:188} INFO - SurogateKey film_id actor_id
[2024-07-24T20:12:46.960+0000] {logging_mixin.py:188} INFO - update etlconf.Etl_Process_Mapping T set last_run_date = current_timestamp where destdbname='dbdv' and destschema='dvdrental' and desttablename='film_actor';
[2024-07-24T20:12:47.008+0000] {python.py:202} INFO - Done. Returned value was: None
[2024-07-24T20:12:47.032+0000] {taskinstance.py:1149} INFO - Marking task as SUCCESS. dag_id=stagingtodv, task_id=film_actor, execution_date=20240723T000000, start_date=20240724T201242, end_date=20240724T201247
[2024-07-24T20:12:47.076+0000] {local_task_job_runner.py:234} INFO - Task exited with return code 0
[2024-07-24T20:12:47.107+0000] {taskinstance.py:3312} INFO - 0 downstream tasks scheduled from follow-on schedule check
[2024-07-24T20:14:53.368+0000] {taskinstance.py:1979} INFO - Dependencies all met for dep_context=non-requeueable deps ti=<TaskInstance: stagingtodv.film_actor scheduled__2024-07-23T00:00:00+00:00 [queued]>
[2024-07-24T20:14:53.394+0000] {taskinstance.py:1979} INFO - Dependencies all met for dep_context=requeueable deps ti=<TaskInstance: stagingtodv.film_actor scheduled__2024-07-23T00:00:00+00:00 [queued]>
[2024-07-24T20:14:53.395+0000] {taskinstance.py:2193} INFO - Starting attempt 1 of 1
[2024-07-24T20:14:53.456+0000] {taskinstance.py:2217} INFO - Executing <Task(PythonOperator): film_actor> on 2024-07-23 00:00:00+00:00
[2024-07-24T20:14:53.472+0000] {standard_task_runner.py:60} INFO - Started process 99 to run task
[2024-07-24T20:14:53.498+0000] {standard_task_runner.py:87} INFO - Running: ['***', 'tasks', 'run', 'stagingtodv', 'film_actor', 'scheduled__2024-07-23T00:00:00+00:00', '--job-id', '14', '--raw', '--subdir', 'DAGS_FOLDER/dag.py', '--cfg-path', '/tmp/tmpbw47l3cr']
[2024-07-24T20:14:53.528+0000] {standard_task_runner.py:88} INFO - Job 14: Subtask film_actor
[2024-07-24T20:14:53.730+0000] {task_command.py:423} INFO - Running <TaskInstance: stagingtodv.film_actor scheduled__2024-07-23T00:00:00+00:00 [running]> on host 86e5a5fada4c
[2024-07-24T20:14:53.910+0000] {taskinstance.py:2513} INFO - Exporting env vars: AIRFLOW_CTX_DAG_OWNER='***' AIRFLOW_CTX_DAG_ID='stagingtodv' AIRFLOW_CTX_TASK_ID='film_actor' AIRFLOW_CTX_EXECUTION_DATE='2024-07-23T00:00:00+00:00' AIRFLOW_CTX_TRY_NUMBER='1' AIRFLOW_CTX_DAG_RUN_ID='scheduled__2024-07-23T00:00:00+00:00'
[2024-07-24T20:14:53.915+0000] {logging_mixin.py:188} INFO - -------------------------------------------- select *  from etlconf.Etl_Process_Mapping where SourceTableName = 'film_actor' and Stage = 'stagingtodv'
[2024-07-24T20:14:54.102+0000] {logging_mixin.py:188} INFO - SurogateKey film_id actor_id
[2024-07-24T20:14:55.249+0000] {logging_mixin.py:188} INFO - update etlconf.Etl_Process_Mapping T set last_run_date = current_timestamp where destdbname='dbdv' and destschema='dvdrental' and desttablename='film_actor';
[2024-07-24T20:14:55.298+0000] {python.py:202} INFO - Done. Returned value was: None
[2024-07-24T20:14:55.310+0000] {taskinstance.py:1149} INFO - Marking task as SUCCESS. dag_id=stagingtodv, task_id=film_actor, execution_date=20240723T000000, start_date=20240724T201453, end_date=20240724T201455
[2024-07-24T20:14:55.383+0000] {local_task_job_runner.py:234} INFO - Task exited with return code 0
[2024-07-24T20:14:55.404+0000] {taskinstance.py:3312} INFO - 0 downstream tasks scheduled from follow-on schedule check
[2024-07-24T20:23:46.331+0000] {taskinstance.py:1979} INFO - Dependencies all met for dep_context=non-requeueable deps ti=<TaskInstance: stagingtodv.film_actor scheduled__2024-07-23T00:00:00+00:00 [queued]>
[2024-07-24T20:23:46.362+0000] {taskinstance.py:1979} INFO - Dependencies all met for dep_context=requeueable deps ti=<TaskInstance: stagingtodv.film_actor scheduled__2024-07-23T00:00:00+00:00 [queued]>
[2024-07-24T20:23:46.371+0000] {taskinstance.py:2193} INFO - Starting attempt 1 of 1
[2024-07-24T20:23:46.425+0000] {taskinstance.py:2217} INFO - Executing <Task(PythonOperator): film_actor> on 2024-07-23 00:00:00+00:00
[2024-07-24T20:23:46.445+0000] {standard_task_runner.py:60} INFO - Started process 147 to run task
[2024-07-24T20:23:46.468+0000] {standard_task_runner.py:87} INFO - Running: ['***', 'tasks', 'run', 'stagingtodv', 'film_actor', 'scheduled__2024-07-23T00:00:00+00:00', '--job-id', '11', '--raw', '--subdir', 'DAGS_FOLDER/dag.py', '--cfg-path', '/tmp/tmpxsafwkee']
[2024-07-24T20:23:46.500+0000] {standard_task_runner.py:88} INFO - Job 11: Subtask film_actor
[2024-07-24T20:23:46.727+0000] {task_command.py:423} INFO - Running <TaskInstance: stagingtodv.film_actor scheduled__2024-07-23T00:00:00+00:00 [running]> on host fd6805ab8e96
[2024-07-24T20:23:48.192+0000] {taskinstance.py:2513} INFO - Exporting env vars: AIRFLOW_CTX_DAG_OWNER='***' AIRFLOW_CTX_DAG_ID='stagingtodv' AIRFLOW_CTX_TASK_ID='film_actor' AIRFLOW_CTX_EXECUTION_DATE='2024-07-23T00:00:00+00:00' AIRFLOW_CTX_TRY_NUMBER='1' AIRFLOW_CTX_DAG_RUN_ID='scheduled__2024-07-23T00:00:00+00:00'
[2024-07-24T20:23:48.194+0000] {logging_mixin.py:188} INFO - -------------------------------------------- select *  from etlconf.Etl_Process_Mapping where SourceTableName = 'film_actor' and Stage = 'stagingtodv'
[2024-07-24T20:23:48.302+0000] {logging_mixin.py:188} INFO - SurogateKey film_id actor_id
[2024-07-24T20:23:49.168+0000] {logging_mixin.py:188} INFO - update etlconf.Etl_Process_Mapping T set last_run_date = current_timestamp where destdbname='dbdv' and destschema='dvdrental' and desttablename='film_actor';
[2024-07-24T20:23:49.192+0000] {python.py:202} INFO - Done. Returned value was: None
[2024-07-24T20:23:49.209+0000] {taskinstance.py:1149} INFO - Marking task as SUCCESS. dag_id=stagingtodv, task_id=film_actor, execution_date=20240723T000000, start_date=20240724T202346, end_date=20240724T202349
[2024-07-24T20:23:49.239+0000] {local_task_job_runner.py:234} INFO - Task exited with return code 0
[2024-07-24T20:23:49.292+0000] {taskinstance.py:3312} INFO - 0 downstream tasks scheduled from follow-on schedule check
[2024-07-24T20:35:58.684+0000] {taskinstance.py:1979} INFO - Dependencies all met for dep_context=non-requeueable deps ti=<TaskInstance: stagingtodv.film_actor scheduled__2024-07-23T00:00:00+00:00 [queued]>
[2024-07-24T20:35:58.734+0000] {taskinstance.py:1979} INFO - Dependencies all met for dep_context=requeueable deps ti=<TaskInstance: stagingtodv.film_actor scheduled__2024-07-23T00:00:00+00:00 [queued]>
[2024-07-24T20:35:58.738+0000] {taskinstance.py:2193} INFO - Starting attempt 1 of 1
[2024-07-24T20:35:58.768+0000] {taskinstance.py:2217} INFO - Executing <Task(PythonOperator): film_actor> on 2024-07-23 00:00:00+00:00
[2024-07-24T20:35:58.805+0000] {standard_task_runner.py:60} INFO - Started process 97 to run task
[2024-07-24T20:35:58.838+0000] {standard_task_runner.py:87} INFO - Running: ['***', 'tasks', 'run', 'stagingtodv', 'film_actor', 'scheduled__2024-07-23T00:00:00+00:00', '--job-id', '11', '--raw', '--subdir', 'DAGS_FOLDER/dag.py', '--cfg-path', '/tmp/tmph_jonsb9']
[2024-07-24T20:35:58.857+0000] {standard_task_runner.py:88} INFO - Job 11: Subtask film_actor
[2024-07-24T20:35:59.013+0000] {task_command.py:423} INFO - Running <TaskInstance: stagingtodv.film_actor scheduled__2024-07-23T00:00:00+00:00 [running]> on host 7dd317f3ab25
[2024-07-24T20:35:59.402+0000] {taskinstance.py:2513} INFO - Exporting env vars: AIRFLOW_CTX_DAG_OWNER='***' AIRFLOW_CTX_DAG_ID='stagingtodv' AIRFLOW_CTX_TASK_ID='film_actor' AIRFLOW_CTX_EXECUTION_DATE='2024-07-23T00:00:00+00:00' AIRFLOW_CTX_TRY_NUMBER='1' AIRFLOW_CTX_DAG_RUN_ID='scheduled__2024-07-23T00:00:00+00:00'
[2024-07-24T20:35:59.420+0000] {logging_mixin.py:188} INFO - -------------------------------------------- select *  from etlconf.Etl_Process_Mapping where SourceTableName = 'film_actor' and Stage = 'stagingtodv'
[2024-07-24T20:36:00.344+0000] {logging_mixin.py:188} INFO - SurogateKey film_id actor_id
[2024-07-24T20:36:01.165+0000] {logging_mixin.py:188} INFO - update etlconf.Etl_Process_Mapping T set last_run_date = current_timestamp where destdbname='dbdv' and destschema='dvdrental' and desttablename='film_actor';
[2024-07-24T20:36:01.192+0000] {python.py:202} INFO - Done. Returned value was: None
[2024-07-24T20:36:01.206+0000] {taskinstance.py:1149} INFO - Marking task as SUCCESS. dag_id=stagingtodv, task_id=film_actor, execution_date=20240723T000000, start_date=20240724T203558, end_date=20240724T203601
[2024-07-24T20:36:01.253+0000] {local_task_job_runner.py:234} INFO - Task exited with return code 0
[2024-07-24T20:44:26.050+0000] {taskinstance.py:3318} INFO - Skipping mini scheduling run due to exception: SELECT dag_run.state AS dag_run_state, dag_run.id AS dag_run_id, dag_run.dag_id AS dag_run_dag_id, dag_run.queued_at AS dag_run_queued_at, dag_run.execution_date AS dag_run_execution_date, dag_run.start_date AS dag_run_start_date, dag_run.end_date AS dag_run_end_date, dag_run.run_id AS dag_run_run_id, dag_run.creating_job_id AS dag_run_creating_job_id, dag_run.external_trigger AS dag_run_external_trigger, dag_run.run_type AS dag_run_run_type, dag_run.conf AS dag_run_conf, dag_run.data_interval_start AS dag_run_data_interval_start, dag_run.data_interval_end AS dag_run_data_interval_end, dag_run.last_scheduling_decision AS dag_run_last_scheduling_decision, dag_run.dag_hash AS dag_run_dag_hash, dag_run.log_template_id AS dag_run_log_template_id, dag_run.updated_at AS dag_run_updated_at, dag_run.clear_number AS dag_run_clear_number 
FROM dag_run 
WHERE dag_run.dag_id = %(dag_id_1)s AND dag_run.run_id = %(run_id_1)s FOR UPDATE
Traceback (most recent call last):
  File "/home/airflow/.local/lib/python3.8/site-packages/sqlalchemy/engine/base.py", line 1910, in _execute_context
    self.dialect.do_execute(
  File "/home/airflow/.local/lib/python3.8/site-packages/sqlalchemy/engine/default.py", line 736, in do_execute
    cursor.execute(statement, parameters)
psycopg2.OperationalError: server closed the connection unexpectedly
	This probably means the server terminated abnormally
	before or while processing the request.


The above exception was the direct cause of the following exception:

Traceback (most recent call last):
  File "/home/airflow/.local/lib/python3.8/site-packages/airflow/models/taskinstance.py", line 3267, in _schedule_downstream_tasks
    dag_run = with_row_locks(
  File "/home/airflow/.local/lib/python3.8/site-packages/sqlalchemy/orm/query.py", line 2870, in one
    return self._iter().one()
  File "/home/airflow/.local/lib/python3.8/site-packages/sqlalchemy/orm/query.py", line 2916, in _iter
    result = self.session.execute(
  File "/home/airflow/.local/lib/python3.8/site-packages/sqlalchemy/orm/session.py", line 1717, in execute
    result = conn._execute_20(statement, params or {}, execution_options)
  File "/home/airflow/.local/lib/python3.8/site-packages/sqlalchemy/engine/base.py", line 1710, in _execute_20
    return meth(self, args_10style, kwargs_10style, execution_options)
  File "/home/airflow/.local/lib/python3.8/site-packages/sqlalchemy/sql/elements.py", line 334, in _execute_on_connection
    return connection._execute_clauseelement(
  File "/home/airflow/.local/lib/python3.8/site-packages/sqlalchemy/engine/base.py", line 1577, in _execute_clauseelement
    ret = self._execute_context(
  File "/home/airflow/.local/lib/python3.8/site-packages/sqlalchemy/engine/base.py", line 1953, in _execute_context
    self._handle_dbapi_exception(
  File "/home/airflow/.local/lib/python3.8/site-packages/sqlalchemy/engine/base.py", line 2134, in _handle_dbapi_exception
    util.raise_(
  File "/home/airflow/.local/lib/python3.8/site-packages/sqlalchemy/util/compat.py", line 211, in raise_
    raise exception
  File "/home/airflow/.local/lib/python3.8/site-packages/sqlalchemy/engine/base.py", line 1910, in _execute_context
    self.dialect.do_execute(
  File "/home/airflow/.local/lib/python3.8/site-packages/sqlalchemy/engine/default.py", line 736, in do_execute
    cursor.execute(statement, parameters)
sqlalchemy.exc.OperationalError: (psycopg2.OperationalError) server closed the connection unexpectedly
	This probably means the server terminated abnormally
	before or while processing the request.

[SQL: SELECT dag_run.state AS dag_run_state, dag_run.id AS dag_run_id, dag_run.dag_id AS dag_run_dag_id, dag_run.queued_at AS dag_run_queued_at, dag_run.execution_date AS dag_run_execution_date, dag_run.start_date AS dag_run_start_date, dag_run.end_date AS dag_run_end_date, dag_run.run_id AS dag_run_run_id, dag_run.creating_job_id AS dag_run_creating_job_id, dag_run.external_trigger AS dag_run_external_trigger, dag_run.run_type AS dag_run_run_type, dag_run.conf AS dag_run_conf, dag_run.data_interval_start AS dag_run_data_interval_start, dag_run.data_interval_end AS dag_run_data_interval_end, dag_run.last_scheduling_decision AS dag_run_last_scheduling_decision, dag_run.dag_hash AS dag_run_dag_hash, dag_run.log_template_id AS dag_run_log_template_id, dag_run.updated_at AS dag_run_updated_at, dag_run.clear_number AS dag_run_clear_number 
FROM dag_run 
WHERE dag_run.dag_id = %(dag_id_1)s AND dag_run.run_id = %(run_id_1)s FOR UPDATE]
[parameters: {'dag_id_1': 'stagingtodv', 'run_id_1': 'scheduled__2024-07-23T00:00:00+00:00'}]
(Background on this error at: https://sqlalche.me/e/14/e3q8)
